Started GET "/" for ::1 at 2022-12-24 01:16:24 +0500
  [1m[35m (0.9ms)[0m  [1m[34mSELECT sqlite_version(*)[0m
  
ActiveRecord::PendingMigrationError (

Migrations are pending. To resolve this issue, run:

        rails db:migrate RAILS_ENV=development

):
  
activerecord (6.0.6) lib/active_record/migration.rb:586:in `check_pending!'
activerecord (6.0.6) lib/active_record/migration.rb:564:in `call'
actionpack (6.0.6) lib/action_dispatch/middleware/callbacks.rb:27:in `block in call'
activesupport (6.0.6) lib/active_support/callbacks.rb:101:in `run_callbacks'
actionpack (6.0.6) lib/action_dispatch/middleware/callbacks.rb:26:in `call'
actionpack (6.0.6) lib/action_dispatch/middleware/executor.rb:14:in `call'
actionpack (6.0.6) lib/action_dispatch/middleware/actionable_exceptions.rb:18:in `call'
actionpack (6.0.6) lib/action_dispatch/middleware/debug_exceptions.rb:32:in `call'
actionpack (6.0.6) lib/action_dispatch/middleware/show_exceptions.rb:33:in `call'
railties (6.0.6) lib/rails/rack/logger.rb:37:in `call_app'
railties (6.0.6) lib/rails/rack/logger.rb:26:in `block in call'
activesupport (6.0.6) lib/active_support/tagged_logging.rb:80:in `block in tagged'
activesupport (6.0.6) lib/active_support/tagged_logging.rb:28:in `tagged'
activesupport (6.0.6) lib/active_support/tagged_logging.rb:80:in `tagged'
railties (6.0.6) lib/rails/rack/logger.rb:26:in `call'
sprockets-rails (3.4.2) lib/sprockets/rails/quiet_assets.rb:13:in `call'
actionpack (6.0.6) lib/action_dispatch/middleware/remote_ip.rb:81:in `call'
actionpack (6.0.6) lib/action_dispatch/middleware/request_id.rb:27:in `call'
rack (2.2.4) lib/rack/method_override.rb:24:in `call'
rack (2.2.4) lib/rack/runtime.rb:22:in `call'
activesupport (6.0.6) lib/active_support/cache/strategy/local_cache_middleware.rb:29:in `call'
actionpack (6.0.6) lib/action_dispatch/middleware/executor.rb:14:in `call'
actionpack (6.0.6) lib/action_dispatch/middleware/static.rb:126:in `call'
rack (2.2.4) lib/rack/sendfile.rb:110:in `call'
actionpack (6.0.6) lib/action_dispatch/middleware/host_authorization.rb:103:in `call'
railties (6.0.6) lib/rails/engine.rb:527:in `call'
puma (4.3.12) lib/puma/configuration.rb:228:in `call'
puma (4.3.12) lib/puma/server.rb:727:in `handle_request'
puma (4.3.12) lib/puma/server.rb:476:in `process_client'
puma (4.3.12) lib/puma/server.rb:332:in `block in run'
puma (4.3.12) lib/puma/thread_pool.rb:134:in `block in spawn_thread'
Started POST "/rails/actions" for ::1 at 2022-12-24 01:16:25 +0500
  [1m[35m (6.0ms)[0m  [1m[35mCREATE TABLE "schema_migrations" ("version" varchar NOT NULL PRIMARY KEY)[0m
  [1m[35m (4.6ms)[0m  [1m[35mCREATE TABLE "ar_internal_metadata" ("key" varchar NOT NULL PRIMARY KEY, "value" varchar, "created_at" datetime(6) NOT NULL, "updated_at" datetime(6) NOT NULL)[0m
  [1m[35m (0.1ms)[0m  [1m[34mSELECT "schema_migrations"."version" FROM "schema_migrations" ORDER BY "schema_migrations"."version" ASC[0m
Migrating to CreatePeople (20221221152908)
  [1m[35m (0.1ms)[0m  [1m[36mbegin transaction[0m
  [1m[35m (0.5ms)[0m  [1m[35mCREATE TABLE "people" ("id" integer PRIMARY KEY AUTOINCREMENT NOT NULL, "name" varchar DEFAULT '' NOT NULL, "student_number" integer, "salary" integer, "type" integer DEFAULT 1 NOT NULL, "created_at" datetime NOT NULL, "updated_at" datetime NOT NULL)[0m
  [1m[36mActiveRecord::SchemaMigration Create (0.2ms)[0m  [1m[32mINSERT INTO "schema_migrations" ("version") VALUES (?)[0m  [["version", "20221221152908"]]
  [1m[35m (4.9ms)[0m  [1m[36mcommit transaction[0m
Migrating to CreateAdresses (20221221153344)
  [1m[35m (0.0ms)[0m  [1m[36mbegin transaction[0m
  [1m[35m (0.2ms)[0m  [1m[35mCREATE TABLE "adresses" ("id" integer PRIMARY KEY AUTOINCREMENT NOT NULL, "street" varchar, "city" varchar, "country" varchar, "person_id" integer NOT NULL, "created_at" datetime NOT NULL, "updated_at" datetime NOT NULL)[0m
  [1m[35m (0.1ms)[0m  [1m[35mCREATE  INDEX "index_adresses_on_person_id" ON "adresses" ("person_id")[0m
  [1m[36mActiveRecord::SchemaMigration Create (0.1ms)[0m  [1m[32mINSERT INTO "schema_migrations" ("version") VALUES (?)[0m  [["version", "20221221153344"]]
  [1m[35m (4.6ms)[0m  [1m[36mcommit transaction[0m
Migrating to CreateVehicles (20221221153439)
  [1m[35m (0.1ms)[0m  [1m[36mbegin transaction[0m
  [1m[35m (0.3ms)[0m  [1m[35mCREATE TABLE "vehicles" ("id" integer PRIMARY KEY AUTOINCREMENT NOT NULL, "model" varchar, "plate_number" varchar, "person_id" integer NOT NULL, "created_at" datetime NOT NULL, "updated_at" datetime NOT NULL)[0m
  [1m[35m (0.1ms)[0m  [1m[35mCREATE  INDEX "index_vehicles_on_person_id" ON "vehicles" ("person_id")[0m
  [1m[36mActiveRecord::SchemaMigration Create (0.1ms)[0m  [1m[32mINSERT INTO "schema_migrations" ("version") VALUES (?)[0m  [["version", "20221221153439"]]
  [1m[35m (5.5ms)[0m  [1m[36mcommit transaction[0m
Migrating to CreateDrives (20221221154036)
  [1m[35m (0.1ms)[0m  [1m[36mbegin transaction[0m
  [1m[35m (0.2ms)[0m  [1m[35mCREATE TABLE "drives" ("id" integer PRIMARY KEY AUTOINCREMENT NOT NULL, "date" datetime, "distance" integer, "person_id" integer NOT NULL, "vehicle_id" integer NOT NULL, "created_at" datetime NOT NULL, "updated_at" datetime NOT NULL)[0m
  [1m[35m (0.1ms)[0m  [1m[35mCREATE  INDEX "index_drives_on_person_id" ON "drives" ("person_id")[0m
  [1m[35m (0.0ms)[0m  [1m[35mCREATE  INDEX "index_drives_on_vehicle_id" ON "drives" ("vehicle_id")[0m
  [1m[36mActiveRecord::SchemaMigration Create (0.1ms)[0m  [1m[32mINSERT INTO "schema_migrations" ("version") VALUES (?)[0m  [["version", "20221221154036"]]
  [1m[35m (4.9ms)[0m  [1m[36mcommit transaction[0m
  [1m[36mActiveRecord::InternalMetadata Load (0.1ms)[0m  [1m[34mSELECT "ar_internal_metadata".* FROM "ar_internal_metadata" WHERE "ar_internal_metadata"."key" = ? LIMIT ?[0m  [["key", "environment"], ["LIMIT", 1]]
  [1m[35m (0.0ms)[0m  [1m[36mbegin transaction[0m
  [1m[36mActiveRecord::InternalMetadata Create (0.2ms)[0m  [1m[32mINSERT INTO "ar_internal_metadata" ("key", "value", "created_at", "updated_at") VALUES (?, ?, ?, ?)[0m  [["key", "environment"], ["value", "development"], ["created_at", "2022-12-23 20:16:25.989493"], ["updated_at", "2022-12-23 20:16:25.989493"]]
  [1m[35m (3.7ms)[0m  [1m[36mcommit transaction[0m
Started GET "/" for ::1 at 2022-12-24 01:16:25 +0500
  [1m[35m (0.1ms)[0m  [1m[34mSELECT "schema_migrations"."version" FROM "schema_migrations" ORDER BY "schema_migrations"."version" ASC[0m
Processing by Rails::WelcomeController#index as HTML
  Rendering /home/dev/.rbenv/versions/2.7.5/lib/ruby/gems/2.7.0/gems/railties-6.0.6/lib/rails/templates/rails/welcome/index.html.erb
  Rendered /home/dev/.rbenv/versions/2.7.5/lib/ruby/gems/2.7.0/gems/railties-6.0.6/lib/rails/templates/rails/welcome/index.html.erb (Duration: 3.0ms | Allocations: 185)
Completed 200 OK in 6ms (Views: 3.4ms | ActiveRecord: 0.0ms | Allocations: 2102)


